<?xml version="1.0" encoding="UTF-8"?>
<!-- Generated by org.testng.reporters.JUnitXMLReporter -->
<testsuite ignored="2" hostname="DESKTOP-S1LBLSJ" failures="0" tests="2" name="Test" time="59.655" errors="0" timestamp="2022-08-14T12:47:30 IST">
  <testcase classname="TestScripts.Hrm1" name="testHrm1" time="14.017"/>
  <testcase classname="TestScripts.Hrm2" name="hrm2" time="19.589"/>
  <testcase classname="generics.BaseTest" name="@BeforeSuite initializeReport" time="0.0">
    <ignored/>
  </testcase> <!-- @BeforeSuite initializeReport -->
  <testcase classname="generics.BaseTest" name="@AfterSuite flushReport" time="0.0">
    <ignored/>
  </testcase> <!-- @AfterSuite flushReport -->
</testsuite> <!-- Test -->
