<?xml version="1.0" encoding="UTF-8"?>
<testng-results ignored="2" total="4" passed="2" failed="0" skipped="0">
  <reporter-output>
  </reporter-output>
  <suite started-at="2022-08-14T12:46:31 IST" name="Suite" finished-at="2022-08-14T12:47:30 IST" duration-ms="59655">
    <groups>
    </groups>
    <test started-at="2022-08-14T12:46:31 IST" name="Test" finished-at="2022-08-14T12:47:30 IST" duration-ms="59655">
      <class name="TestScripts.Hrm1">
        <test-method is-config="true" signature="initializeReport()[pri:0, instance:TestScripts.Hrm1@4dbb42b7]" started-at="2022-08-14T12:46:30 IST" name="initializeReport" finished-at="2022-08-14T12:46:31 IST" duration-ms="189" status="PASS">
          <reporter-output>
          </reporter-output>
        </test-method> <!-- initializeReport -->
        <test-method is-config="true" signature="setup(org.testng.ITestContext,java.lang.String)[pri:0, instance:TestScripts.Hrm1@4dbb42b7]" started-at="2022-08-14T12:46:31 IST" name="setup" finished-at="2022-08-14T12:46:43 IST" duration-ms="12921" status="PASS">
          <params>
            <param index="0">
              <value>
                <![CDATA[org.testng.TestRunner@56dfab87]]>
              </value>
            </param>
            <param index="1">
              <value>
                <![CDATA[Chrome]]>
              </value>
            </param>
          </params>
          <reporter-output>
          </reporter-output>
        </test-method> <!-- setup -->
        <test-method signature="testHrm1()[pri:0, instance:TestScripts.Hrm1@4dbb42b7]" started-at="2022-08-14T12:46:43 IST" name="testHrm1" finished-at="2022-08-14T12:46:57 IST" duration-ms="14017" status="PASS">
          <reporter-output>
          </reporter-output>
        </test-method> <!-- testHrm1 -->
        <test-method is-config="true" signature="tearDown(org.testng.ITestResult)[pri:0, instance:TestScripts.Hrm1@4dbb42b7]" started-at="2022-08-14T12:46:57 IST" name="tearDown" finished-at="2022-08-14T12:46:58 IST" duration-ms="961" status="PASS">
          <params>
            <param index="0">
              <value>
                <![CDATA[[TestResult name=testHrm1 status=SUCCESS method=Hrm1.testHrm1()[pri:0, instance:TestScripts.Hrm1@4dbb42b7] output={null}]]]>
              </value>
            </param>
          </params>
          <reporter-output>
          </reporter-output>
        </test-method> <!-- tearDown -->
        <test-method is-config="true" signature="flushReport()[pri:0, instance:TestScripts.Hrm1@4dbb42b7]" started-at="2022-08-14T12:47:30 IST" name="flushReport" finished-at="2022-08-14T12:47:31 IST" duration-ms="605" status="PASS">
          <reporter-output>
          </reporter-output>
        </test-method> <!-- flushReport -->
      </class> <!-- TestScripts.Hrm1 -->
      <class name="TestScripts.Hrm2">
        <test-method is-config="true" signature="setup(org.testng.ITestContext,java.lang.String)[pri:0, instance:TestScripts.Hrm2@3cebbb30]" started-at="2022-08-14T12:46:58 IST" name="setup" finished-at="2022-08-14T12:47:09 IST" duration-ms="10971" status="PASS">
          <params>
            <param index="0">
              <value>
                <![CDATA[org.testng.TestRunner@56dfab87]]>
              </value>
            </param>
            <param index="1">
              <value>
                <![CDATA[Chrome]]>
              </value>
            </param>
          </params>
          <reporter-output>
          </reporter-output>
        </test-method> <!-- setup -->
        <test-method signature="hrm2()[pri:0, instance:TestScripts.Hrm2@3cebbb30]" started-at="2022-08-14T12:47:09 IST" name="hrm2" finished-at="2022-08-14T12:47:29 IST" duration-ms="19589" status="PASS">
          <reporter-output>
          </reporter-output>
        </test-method> <!-- hrm2 -->
        <test-method is-config="true" signature="tearDown(org.testng.ITestResult)[pri:0, instance:TestScripts.Hrm2@3cebbb30]" started-at="2022-08-14T12:47:29 IST" name="tearDown" finished-at="2022-08-14T12:47:30 IST" duration-ms="1158" status="PASS">
          <params>
            <param index="0">
              <value>
                <![CDATA[[TestResult name=hrm2 status=SUCCESS method=Hrm2.hrm2()[pri:0, instance:TestScripts.Hrm2@3cebbb30] output={null}]]]>
              </value>
            </param>
          </params>
          <reporter-output>
          </reporter-output>
        </test-method> <!-- tearDown -->
      </class> <!-- TestScripts.Hrm2 -->
    </test> <!-- Test -->
  </suite> <!-- Suite -->
</testng-results>
